<?xml version="1.0" encoding="UTF-8"?>
<coverage generated="1533852342716" clover="3.2.0">
  <project timestamp="1533852342716" name="All files">
    <metrics statements="63" coveredstatements="58" conditionals="37" coveredconditionals="33" methods="11" coveredmethods="11" elements="111" coveredelements="102" complexity="0" loc="63" ncloc="63" packages="4" files="13" classes="13">
      <package name="high-five">
        <metrics statements="4" coveredstatements="4" conditionals="0" coveredconditionals="0" methods="0" coveredmethods="0"/>
        <file name="setupTests.js" path="/Users/dylan/Documents/Git/high-five/setupTests.js">
          <metrics statements="4" coveredstatements="4" conditionals="0" coveredconditionals="0" methods="0" coveredmethods="0"/>
          <line num="4" count="10" type="stmt"/>
          <line num="6" count="10" type="stmt"/>
          <line num="7" count="10" type="stmt"/>
          <line num="8" count="10" type="stmt"/>
        </file>
      </package>
      <package name="high-five.src.app.fs">
        <metrics statements="12" coveredstatements="12" conditionals="3" coveredconditionals="3" methods="2" coveredmethods="2"/>
        <file name="createAllFolders.js" path="/Users/dylan/Documents/Git/high-five/src/app/fs/createAllFolders.js">
          <metrics statements="4" coveredstatements="4" conditionals="3" coveredconditionals="3" methods="1" coveredmethods="1"/>
          <line num="5" count="2" type="stmt"/>
          <line num="6" count="2" type="stmt"/>
          <line num="7" count="2" type="stmt"/>
          <line num="9" count="2" type="cond" truecount="3" falsecount="0"/>
        </file>
        <file name="createFolder.js" path="/Users/dylan/Documents/Git/high-five/src/app/fs/createFolder.js">
          <metrics statements="6" coveredstatements="6" conditionals="0" coveredconditionals="0" methods="1" coveredmethods="1"/>
          <line num="5" count="12" type="stmt"/>
          <line num="7" count="12" type="stmt"/>
          <line num="8" count="12" type="stmt"/>
          <line num="10" count="2" type="stmt"/>
          <line num="12" count="2" type="stmt"/>
          <line num="15" count="1" type="stmt"/>
        </file>
        <file name="index.js" path="/Users/dylan/Documents/Git/high-five/src/app/fs/index.js">
          <metrics statements="0" coveredstatements="0" conditionals="0" coveredconditionals="0" methods="0" coveredmethods="0"/>
        </file>
        <file name="paths.js" path="/Users/dylan/Documents/Git/high-five/src/app/fs/paths.js">
          <metrics statements="2" coveredstatements="2" conditionals="0" coveredconditionals="0" methods="0" coveredmethods="0"/>
          <line num="3" count="12" type="stmt"/>
          <line num="4" count="12" type="stmt"/>
        </file>
      </package>
      <package name="high-five.src.app.modules">
        <metrics statements="33" coveredstatements="33" conditionals="20" coveredconditionals="20" methods="6" coveredmethods="6"/>
        <file name="init.js" path="/Users/dylan/Documents/Git/high-five/src/app/modules/init.js">
          <metrics statements="9" coveredstatements="9" conditionals="2" coveredconditionals="2" methods="2" coveredmethods="2"/>
          <line num="11" count="3" type="stmt"/>
          <line num="13" count="3" type="stmt"/>
          <line num="14" count="2" type="stmt"/>
          <line num="15" count="4" type="cond" truecount="2" falsecount="0"/>
          <line num="16" count="2" type="stmt"/>
          <line num="21" count="2" type="stmt"/>
          <line num="23" count="2" type="stmt"/>
          <line num="25" count="1" type="stmt"/>
          <line num="26" count="1" type="stmt"/>
        </file>
        <file name="loadModule.js" path="/Users/dylan/Documents/Git/high-five/src/app/modules/loadModule.js">
          <metrics statements="13" coveredstatements="13" conditionals="9" coveredconditionals="9" methods="1" coveredmethods="1"/>
          <line num="8" count="8" type="stmt"/>
          <line num="10" count="8" type="stmt"/>
          <line num="12" count="8" type="stmt"/>
          <line num="14" count="8" type="cond" truecount="2" falsecount="0"/>
          <line num="16" count="1" type="stmt"/>
          <line num="20" count="7" type="stmt"/>
          <line num="22" count="7" type="stmt"/>
          <line num="25" count="6" type="cond" truecount="2" falsecount="0"/>
          <line num="26" count="1" type="stmt"/>
          <line num="27" count="3" type="cond" truecount="2" falsecount="0"/>
          <line num="31" count="2" type="stmt"/>
          <line num="34" count="1" type="stmt"/>
          <line num="36" count="7" type="stmt"/>
        </file>
        <file name="unloadModule.js" path="/Users/dylan/Documents/Git/high-five/src/app/modules/unloadModule.js">
          <metrics statements="2" coveredstatements="2" conditionals="1" coveredconditionals="1" methods="1" coveredmethods="1"/>
          <line num="4" count="1" type="stmt"/>
          <line num="5" count="1" type="stmt"/>
        </file>
        <file name="watchForChanges.js" path="/Users/dylan/Documents/Git/high-five/src/app/modules/watchForChanges.js">
          <metrics statements="9" coveredstatements="9" conditionals="8" coveredconditionals="8" methods="2" coveredmethods="2"/>
          <line num="9" count="7" type="stmt"/>
          <line num="11" count="7" type="stmt"/>
          <line num="12" count="5" type="cond" truecount="2" falsecount="0"/>
          <line num="14" count="2" type="cond" truecount="2" falsecount="0"/>
          <line num="15" count="1" type="stmt"/>
          <line num="17" count="3" type="cond" truecount="2" falsecount="0"/>
          <line num="19" count="2" type="cond" truecount="2" falsecount="0"/>
          <line num="20" count="1" type="stmt"/>
          <line num="25" count="7" type="stmt"/>
        </file>
      </package>
      <package name="high-five.src.app.utility">
        <metrics statements="14" coveredstatements="9" conditionals="14" coveredconditionals="10" methods="3" coveredmethods="3"/>
        <file name="index.js" path="/Users/dylan/Documents/Git/high-five/src/app/utility/index.js">
          <metrics statements="0" coveredstatements="0" conditionals="0" coveredconditionals="0" methods="0" coveredmethods="0"/>
        </file>
        <file name="isOSFile.js" path="/Users/dylan/Documents/Git/high-five/src/app/utility/isOSFile.js">
          <metrics statements="3" coveredstatements="3" conditionals="6" coveredconditionals="6" methods="1" coveredmethods="1"/>
          <line num="2" count="13" type="cond" truecount="2" falsecount="0"/>
          <line num="7" count="7" type="stmt"/>
          <line num="9" count="6" type="stmt"/>
        </file>
        <file name="logger.js" path="/Users/dylan/Documents/Git/high-five/src/app/utility/logger.js">
          <metrics statements="10" coveredstatements="5" conditionals="6" coveredconditionals="2" methods="2" coveredmethods="2"/>
          <line num="12" count="9" type="stmt"/>
          <line num="15" count="9" type="cond" truecount="2" falsecount="0"/>
          <line num="17" count="9" type="stmt"/>
          <line num="27" count="9" type="stmt"/>
          <line num="29" count="0" type="cond" truecount="0" falsecount="2"/>
          <line num="31" count="0" type="stmt"/>
          <line num="36" count="0" type="cond" truecount="0" falsecount="2"/>
          <line num="38" count="0" type="stmt"/>
          <line num="42" count="0" type="stmt"/>
          <line num="49" count="9" type="stmt"/>
        </file>
        <file name="safeRequire.js" path="/Users/dylan/Documents/Git/high-five/src/app/utility/safeRequire.js">
          <metrics statements="1" coveredstatements="1" conditionals="2" coveredconditionals="2" methods="0" coveredmethods="0"/>
          <line num="1" count="9" type="cond" truecount="2" falsecount="0"/>
        </file>
      </package>
    </metrics>
  </project>
</coverage>
