<?xml version="1.0" encoding="UTF-8"?>
<coverage generated="1533808927162" clover="3.2.0">
  <project timestamp="1533808927162" name="All files">
    <metrics statements="68" coveredstatements="34" conditionals="42" coveredconditionals="19" methods="13" coveredmethods="6" elements="123" coveredelements="59" complexity="0" loc="68" ncloc="68" packages="5" files="10" classes="10">
      <package name="high-five">
        <metrics statements="4" coveredstatements="4" conditionals="0" coveredconditionals="0" methods="0" coveredmethods="0"/>
        <file name="setupTests.js" path="/Users/dylan/Documents/Git/high-five/setupTests.js">
          <metrics statements="4" coveredstatements="4" conditionals="0" coveredconditionals="0" methods="0" coveredmethods="0"/>
          <line num="4" count="5" type="stmt"/>
          <line num="6" count="5" type="stmt"/>
          <line num="7" count="5" type="stmt"/>
          <line num="8" count="5" type="stmt"/>
        </file>
      </package>
      <package name="high-five.src.app">
        <metrics statements="10" coveredstatements="6" conditionals="6" coveredconditionals="2" methods="2" coveredmethods="1"/>
        <file name="logger.js" path="/Users/dylan/Documents/Git/high-five/src/app/logger.js">
          <metrics statements="10" coveredstatements="6" conditionals="6" coveredconditionals="2" methods="2" coveredmethods="1"/>
          <line num="12" count="1" type="stmt"/>
          <line num="15" count="1" type="cond" truecount="0" falsecount="2"/>
          <line num="17" count="1" type="stmt"/>
          <line num="26" count="1" type="cond" truecount="1" falsecount="1"/>
          <line num="28" count="0" type="stmt"/>
          <line num="33" count="1" type="cond" truecount="1" falsecount="1"/>
          <line num="34" count="0" type="stmt"/>
          <line num="36" count="0" type="stmt"/>
          <line num="40" count="0" type="stmt"/>
          <line num="47" count="1" type="stmt"/>
        </file>
      </package>
      <package name="high-five.src.app.fs">
        <metrics statements="12" coveredstatements="12" conditionals="3" coveredconditionals="3" methods="2" coveredmethods="2"/>
        <file name="createAllFolders.js" path="/Users/dylan/Documents/Git/high-five/src/app/fs/createAllFolders.js">
          <metrics statements="4" coveredstatements="4" conditionals="3" coveredconditionals="3" methods="1" coveredmethods="1"/>
          <line num="5" count="2" type="stmt"/>
          <line num="6" count="2" type="stmt"/>
          <line num="7" count="2" type="stmt"/>
          <line num="9" count="2" type="cond" truecount="3" falsecount="0"/>
        </file>
        <file name="createFolder.js" path="/Users/dylan/Documents/Git/high-five/src/app/fs/createFolder.js">
          <metrics statements="6" coveredstatements="6" conditionals="0" coveredconditionals="0" methods="1" coveredmethods="1"/>
          <line num="5" count="3" type="stmt"/>
          <line num="7" count="3" type="stmt"/>
          <line num="8" count="3" type="stmt"/>
          <line num="10" count="2" type="stmt"/>
          <line num="12" count="2" type="stmt"/>
          <line num="15" count="1" type="stmt"/>
        </file>
        <file name="index.js" path="/Users/dylan/Documents/Git/high-five/src/app/fs/index.js">
          <metrics statements="0" coveredstatements="0" conditionals="0" coveredconditionals="0" methods="0" coveredmethods="0"/>
        </file>
        <file name="paths.js" path="/Users/dylan/Documents/Git/high-five/src/app/fs/paths.js">
          <metrics statements="2" coveredstatements="2" conditionals="0" coveredconditionals="0" methods="0" coveredmethods="0"/>
          <line num="3" count="5" type="stmt"/>
          <line num="4" count="5" type="stmt"/>
        </file>
      </package>
      <package name="high-five.src.app.modules">
        <metrics statements="39" coveredstatements="9" conditionals="27" coveredconditionals="8" methods="8" coveredmethods="2"/>
        <file name="modules.js" path="/Users/dylan/Documents/Git/high-five/src/app/modules/modules.js">
          <metrics statements="30" coveredstatements="0" conditionals="19" coveredconditionals="0" methods="6" coveredmethods="0"/>
          <line num="10" count="0" type="stmt"/>
          <line num="12" count="0" type="stmt"/>
          <line num="14" count="0" type="stmt"/>
          <line num="16" count="0" type="cond" truecount="0" falsecount="2"/>
          <line num="18" count="0" type="stmt"/>
          <line num="22" count="0" type="stmt"/>
          <line num="24" count="0" type="stmt"/>
          <line num="27" count="0" type="cond" truecount="0" falsecount="2"/>
          <line num="28" count="0" type="stmt"/>
          <line num="29" count="0" type="cond" truecount="0" falsecount="2"/>
          <line num="33" count="0" type="stmt"/>
          <line num="36" count="0" type="stmt"/>
          <line num="38" count="0" type="stmt"/>
          <line num="43" count="0" type="stmt"/>
          <line num="48" count="0" type="stmt"/>
          <line num="50" count="0" type="stmt"/>
          <line num="51" count="0" type="cond" truecount="0" falsecount="2"/>
          <line num="54" count="0" type="cond" truecount="0" falsecount="2"/>
          <line num="55" count="0" type="stmt"/>
          <line num="57" count="0" type="cond" truecount="0" falsecount="2"/>
          <line num="60" count="0" type="cond" truecount="0" falsecount="2"/>
          <line num="61" count="0" type="stmt"/>
          <line num="66" count="0" type="stmt"/>
          <line num="70" count="0" type="stmt"/>
          <line num="71" count="0" type="stmt"/>
          <line num="72" count="0" type="stmt"/>
          <line num="73" count="0" type="cond" truecount="0" falsecount="2"/>
          <line num="74" count="0" type="stmt"/>
          <line num="78" count="0" type="stmt"/>
          <line num="80" count="0" type="stmt"/>
        </file>
        <file name="watchForChanges.js" path="/Users/dylan/Documents/Git/high-five/src/app/modules/watchForChanges.js">
          <metrics statements="9" coveredstatements="9" conditionals="8" coveredconditionals="8" methods="2" coveredmethods="2"/>
          <line num="8" count="7" type="stmt"/>
          <line num="10" count="7" type="stmt"/>
          <line num="11" count="5" type="cond" truecount="2" falsecount="0"/>
          <line num="14" count="2" type="cond" truecount="2" falsecount="0"/>
          <line num="15" count="1" type="stmt"/>
          <line num="17" count="3" type="cond" truecount="2" falsecount="0"/>
          <line num="20" count="2" type="cond" truecount="2" falsecount="0"/>
          <line num="21" count="1" type="stmt"/>
          <line num="26" count="7" type="stmt"/>
        </file>
      </package>
      <package name="high-five.src.app.utility">
        <metrics statements="3" coveredstatements="3" conditionals="6" coveredconditionals="6" methods="1" coveredmethods="1"/>
        <file name="index.js" path="/Users/dylan/Documents/Git/high-five/src/app/utility/index.js">
          <metrics statements="0" coveredstatements="0" conditionals="0" coveredconditionals="0" methods="0" coveredmethods="0"/>
        </file>
        <file name="isOSFile.js" path="/Users/dylan/Documents/Git/high-five/src/app/utility/isOSFile.js">
          <metrics statements="3" coveredstatements="3" conditionals="6" coveredconditionals="6" methods="1" coveredmethods="1"/>
          <line num="2" count="9" type="cond" truecount="2" falsecount="0"/>
          <line num="7" count="5" type="stmt"/>
          <line num="9" count="4" type="stmt"/>
        </file>
      </package>
    </metrics>
  </project>
</coverage>
