{"/Users/dylan/Documents/Git/high-five/setupTests.js": {"path":"/Users/dylan/Documents/Git/high-five/setupTests.js","statementMap":{"0":{"start":{"line":4,"column":0},"end":{"line":4,"column":51}},"1":{"start":{"line":6,"column":0},"end":{"line":6,"column":25}},"2":{"start":{"line":7,"column":0},"end":{"line":7,"column":23}},"3":{"start":{"line":8,"column":0},"end":{"line":8,"column":21}}},"fnMap":{},"branchMap":{},"s":{"0":9,"1":9,"2":9,"3":9},"f":{},"b":{},"_coverageSchema":"332fd63041d2c1bcb487cc26dd0d5f7d97098a6c","hash":"b9cabe1501aca84a5bdaf4447d70befd8a8ff1ec"}
,"/Users/dylan/Documents/Git/high-five/src/app/fs/createAllFolders.js": {"path":"/Users/dylan/Documents/Git/high-five/src/app/fs/createAllFolders.js","statementMap":{"0":{"start":{"line":5,"column":21},"end":{"line":5,"column":50}},"1":{"start":{"line":6,"column":22},"end":{"line":6,"column":52}},"2":{"start":{"line":7,"column":25},"end":{"line":7,"column":58}},"3":{"start":{"line":9,"column":2},"end":{"line":9,"column":55}}},"fnMap":{"0":{"name":"createAllFolders","decl":{"start":{"line":4,"column":15},"end":{"line":4,"column":31}},"loc":{"start":{"line":4,"column":34},"end":{"line":10,"column":1}},"line":4}},"branchMap":{"0":{"loc":{"start":{"line":9,"column":10},"end":{"line":9,"column":53}},"type":"binary-expr","locations":[{"start":{"line":9,"column":10},"end":{"line":9,"column":20}},{"start":{"line":9,"column":24},"end":{"line":9,"column":35}},{"start":{"line":9,"column":39},"end":{"line":9,"column":53}}],"line":9}},"s":{"0":2,"1":2,"2":2,"3":2},"f":{"0":2},"b":{"0":[2,1,1]},"_coverageSchema":"332fd63041d2c1bcb487cc26dd0d5f7d97098a6c","hash":"04dfcfdb95009ca46dba4da37826c93d6e3c41a1"}
,"/Users/dylan/Documents/Git/high-five/src/app/fs/createFolder.js": {"path":"/Users/dylan/Documents/Git/high-five/src/app/fs/createFolder.js","statementMap":{"0":{"start":{"line":5,"column":2},"end":{"line":16,"column":3}},"1":{"start":{"line":7,"column":4},"end":{"line":11,"column":5}},"2":{"start":{"line":8,"column":6},"end":{"line":8,"column":39}},"3":{"start":{"line":10,"column":6},"end":{"line":10,"column":38}},"4":{"start":{"line":12,"column":4},"end":{"line":12,"column":16}},"5":{"start":{"line":15,"column":4},"end":{"line":15,"column":17}}},"fnMap":{"0":{"name":"createFolder","decl":{"start":{"line":4,"column":15},"end":{"line":4,"column":27}},"loc":{"start":{"line":4,"column":34},"end":{"line":17,"column":1}},"line":4}},"branchMap":{},"s":{"0":3,"1":3,"2":3,"3":2,"4":2,"5":1},"f":{"0":3},"b":{},"_coverageSchema":"332fd63041d2c1bcb487cc26dd0d5f7d97098a6c","hash":"68e2f8e944e686adb26e101e7742783f574eb736"}
,"/Users/dylan/Documents/Git/high-five/src/app/fs/index.js": {"path":"/Users/dylan/Documents/Git/high-five/src/app/fs/index.js","statementMap":{},"fnMap":{},"branchMap":{},"s":{},"f":{},"b":{},"_coverageSchema":"332fd63041d2c1bcb487cc26dd0d5f7d97098a6c","hash":"a867cba3865586ae27e4ce1b813c1a1a751dfe47"}
,"/Users/dylan/Documents/Git/high-five/src/app/fs/paths.js": {"path":"/Users/dylan/Documents/Git/high-five/src/app/fs/paths.js","statementMap":{"0":{"start":{"line":3,"column":20},"end":{"line":3,"column":41}},"1":{"start":{"line":4,"column":14},"end":{"line":7,"column":1}}},"fnMap":{},"branchMap":{},"s":{"0":8,"1":8},"f":{},"b":{},"_coverageSchema":"332fd63041d2c1bcb487cc26dd0d5f7d97098a6c","hash":"283730d2c252b8981bb688a7ca4f9b4ce64aaeb5"}
,"/Users/dylan/Documents/Git/high-five/src/app/modules/ModuleManager.js": {"path":"/Users/dylan/Documents/Git/high-five/src/app/modules/ModuleManager.js","statementMap":{"0":{"start":{"line":9,"column":4},"end":{"line":9,"column":42}},"1":{"start":{"line":11,"column":4},"end":{"line":11,"column":24}},"2":{"start":{"line":12,"column":4},"end":{"line":12,"column":21}},"3":{"start":{"line":14,"column":4},"end":{"line":14,"column":25}},"4":{"start":{"line":18,"column":4},"end":{"line":26,"column":5}},"5":{"start":{"line":19,"column":21},"end":{"line":19,"column":46}},"6":{"start":{"line":20,"column":6},"end":{"line":20,"column":29}},"7":{"start":{"line":21,"column":6},"end":{"line":21,"column":50}},"8":{"start":{"line":22,"column":6},"end":{"line":22,"column":20}},"9":{"start":{"line":24,"column":6},"end":{"line":24,"column":50}},"10":{"start":{"line":25,"column":6},"end":{"line":25,"column":19}},"11":{"start":{"line":30,"column":23},"end":{"line":30,"column":39}},"12":{"start":{"line":31,"column":4},"end":{"line":31,"column":61}},"13":{"start":{"line":31,"column":41},"end":{"line":31,"column":59}},"14":{"start":{"line":32,"column":4},"end":{"line":35,"column":5}},"15":{"start":{"line":33,"column":6},"end":{"line":33,"column":53}},"16":{"start":{"line":34,"column":6},"end":{"line":34,"column":18}},"17":{"start":{"line":36,"column":4},"end":{"line":36,"column":83}},"18":{"start":{"line":37,"column":4},"end":{"line":37,"column":17}},"19":{"start":{"line":41,"column":4},"end":{"line":41,"column":54}},"20":{"start":{"line":41,"column":34},"end":{"line":41,"column":52}},"21":{"start":{"line":45,"column":4},"end":{"line":68,"column":5}},"22":{"start":{"line":46,"column":6},"end":{"line":46,"column":38}},"23":{"start":{"line":48,"column":6},"end":{"line":61,"column":9}},"24":{"start":{"line":49,"column":8},"end":{"line":60,"column":9}},"25":{"start":{"line":50,"column":10},"end":{"line":53,"column":11}},"26":{"start":{"line":52,"column":12},"end":{"line":52,"column":27}},"27":{"start":{"line":54,"column":15},"end":{"line":60,"column":9}},"28":{"start":{"line":55,"column":10},"end":{"line":57,"column":11}},"29":{"start":{"line":56,"column":12},"end":{"line":56,"column":30}},"30":{"start":{"line":59,"column":10},"end":{"line":59,"column":69}},"31":{"start":{"line":63,"column":6},"end":{"line":65,"column":9}},"32":{"start":{"line":64,"column":8},"end":{"line":64,"column":88}},"33":{"start":{"line":67,"column":6},"end":{"line":67,"column":82}},"34":{"start":{"line":72,"column":4},"end":{"line":75,"column":5}},"35":{"start":{"line":73,"column":6},"end":{"line":73,"column":27}},"36":{"start":{"line":74,"column":6},"end":{"line":74,"column":26}}},"fnMap":{"0":{"name":"(anonymous_0)","decl":{"start":{"line":8,"column":2},"end":{"line":8,"column":3}},"loc":{"start":{"line":8,"column":59},"end":{"line":15,"column":3}},"line":8},"1":{"name":"(anonymous_1)","decl":{"start":{"line":17,"column":2},"end":{"line":17,"column":3}},"loc":{"start":{"line":17,"column":18},"end":{"line":27,"column":3}},"line":17},"2":{"name":"(anonymous_2)","decl":{"start":{"line":29,"column":2},"end":{"line":29,"column":3}},"loc":{"start":{"line":29,"column":15},"end":{"line":38,"column":3}},"line":29},"3":{"name":"(anonymous_3)","decl":{"start":{"line":31,"column":33},"end":{"line":31,"column":34}},"loc":{"start":{"line":31,"column":41},"end":{"line":31,"column":59}},"line":31},"4":{"name":"(anonymous_4)","decl":{"start":{"line":40,"column":2},"end":{"line":40,"column":3}},"loc":{"start":{"line":40,"column":13},"end":{"line":42,"column":3}},"line":40},"5":{"name":"(anonymous_5)","decl":{"start":{"line":41,"column":26},"end":{"line":41,"column":27}},"loc":{"start":{"line":41,"column":34},"end":{"line":41,"column":52}},"line":41},"6":{"name":"(anonymous_6)","decl":{"start":{"line":44,"column":2},"end":{"line":44,"column":3}},"loc":{"start":{"line":44,"column":18},"end":{"line":69,"column":3}},"line":44},"7":{"name":"(anonymous_7)","decl":{"start":{"line":48,"column":32},"end":{"line":48,"column":33}},"loc":{"start":{"line":48,"column":45},"end":{"line":61,"column":7}},"line":48},"8":{"name":"(anonymous_8)","decl":{"start":{"line":63,"column":31},"end":{"line":63,"column":32}},"loc":{"start":{"line":63,"column":42},"end":{"line":65,"column":7}},"line":63},"9":{"name":"(anonymous_9)","decl":{"start":{"line":71,"column":2},"end":{"line":71,"column":3}},"loc":{"start":{"line":71,"column":17},"end":{"line":76,"column":3}},"line":71}},"branchMap":{"0":{"loc":{"start":{"line":8,"column":14},"end":{"line":8,"column":57}},"type":"default-arg","locations":[{"start":{"line":8,"column":55},"end":{"line":8,"column":57}}],"line":8},"1":{"loc":{"start":{"line":8,"column":16},"end":{"line":8,"column":28}},"type":"default-arg","locations":[{"start":{"line":8,"column":26},"end":{"line":8,"column":28}}],"line":8},"2":{"loc":{"start":{"line":8,"column":30},"end":{"line":8,"column":50}},"type":"default-arg","locations":[{"start":{"line":8,"column":37},"end":{"line":8,"column":50}}],"line":8},"3":{"loc":{"start":{"line":32,"column":4},"end":{"line":35,"column":5}},"type":"if","locations":[{"start":{"line":32,"column":4},"end":{"line":35,"column":5}},{"start":{"line":32,"column":4},"end":{"line":35,"column":5}}],"line":32},"4":{"loc":{"start":{"line":49,"column":8},"end":{"line":60,"column":9}},"type":"if","locations":[{"start":{"line":49,"column":8},"end":{"line":60,"column":9}},{"start":{"line":49,"column":8},"end":{"line":60,"column":9}}],"line":49},"5":{"loc":{"start":{"line":50,"column":10},"end":{"line":53,"column":11}},"type":"if","locations":[{"start":{"line":50,"column":10},"end":{"line":53,"column":11}},{"start":{"line":50,"column":10},"end":{"line":53,"column":11}}],"line":50},"6":{"loc":{"start":{"line":54,"column":15},"end":{"line":60,"column":9}},"type":"if","locations":[{"start":{"line":54,"column":15},"end":{"line":60,"column":9}},{"start":{"line":54,"column":15},"end":{"line":60,"column":9}}],"line":54},"7":{"loc":{"start":{"line":55,"column":10},"end":{"line":57,"column":11}},"type":"if","locations":[{"start":{"line":55,"column":10},"end":{"line":57,"column":11}},{"start":{"line":55,"column":10},"end":{"line":57,"column":11}}],"line":55},"8":{"loc":{"start":{"line":72,"column":4},"end":{"line":75,"column":5}},"type":"if","locations":[{"start":{"line":72,"column":4},"end":{"line":75,"column":5}},{"start":{"line":72,"column":4},"end":{"line":75,"column":5}}],"line":72}},"s":{"0":21,"1":21,"2":21,"3":21,"4":7,"5":7,"6":6,"7":6,"8":6,"9":1,"10":1,"11":3,"12":3,"13":3,"14":3,"15":2,"16":2,"17":1,"18":1,"19":2,"20":1,"21":21,"22":21,"23":20,"24":3,"25":1,"26":1,"27":2,"28":1,"29":1,"30":1,"31":20,"32":1,"33":1,"34":1,"35":1,"36":1},"f":{"0":21,"1":7,"2":3,"3":3,"4":2,"5":1,"6":21,"7":3,"8":1,"9":1},"b":{"0":[19],"1":[20],"2":[20],"3":[2,1],"4":[1,2],"5":[1,0],"6":[1,1],"7":[1,0],"8":[1,0]},"_coverageSchema":"332fd63041d2c1bcb487cc26dd0d5f7d97098a6c","hash":"98d88b420486407b8fa58b144c4803eb2610493d"}
,"/Users/dylan/Documents/Git/high-five/src/app/modules/getModuleInfo.js": {"path":"/Users/dylan/Documents/Git/high-five/src/app/modules/getModuleInfo.js","statementMap":{"0":{"start":{"line":6,"column":20},"end":{"line":6,"column":50}},"1":{"start":{"line":10,"column":16},"end":{"line":10,"column":46}},"2":{"start":{"line":12,"column":2},"end":{"line":15,"column":3}},"3":{"start":{"line":14,"column":4},"end":{"line":14,"column":47}},"4":{"start":{"line":18,"column":2},"end":{"line":18,"column":51}},"5":{"start":{"line":20,"column":22},"end":{"line":20,"column":57}},"6":{"start":{"line":23,"column":2},"end":{"line":30,"column":3}},"7":{"start":{"line":24,"column":4},"end":{"line":24,"column":65}},"8":{"start":{"line":25,"column":9},"end":{"line":30,"column":3}},"9":{"start":{"line":29,"column":4},"end":{"line":29,"column":57}},"10":{"start":{"line":33,"column":2},"end":{"line":36,"column":4}}},"fnMap":{"0":{"name":"getModuleInfo","decl":{"start":{"line":8,"column":15},"end":{"line":8,"column":28}},"loc":{"start":{"line":8,"column":40},"end":{"line":37,"column":1}},"line":8}},"branchMap":{"0":{"loc":{"start":{"line":8,"column":29},"end":{"line":8,"column":38}},"type":"default-arg","locations":[{"start":{"line":8,"column":36},"end":{"line":8,"column":38}}],"line":8},"1":{"loc":{"start":{"line":12,"column":2},"end":{"line":15,"column":3}},"type":"if","locations":[{"start":{"line":12,"column":2},"end":{"line":15,"column":3}},{"start":{"line":12,"column":2},"end":{"line":15,"column":3}}],"line":12},"2":{"loc":{"start":{"line":23,"column":2},"end":{"line":30,"column":3}},"type":"if","locations":[{"start":{"line":23,"column":2},"end":{"line":30,"column":3}},{"start":{"line":23,"column":2},"end":{"line":30,"column":3}}],"line":23},"3":{"loc":{"start":{"line":25,"column":9},"end":{"line":30,"column":3}},"type":"if","locations":[{"start":{"line":25,"column":9},"end":{"line":30,"column":3}},{"start":{"line":25,"column":9},"end":{"line":30,"column":3}}],"line":25},"4":{"loc":{"start":{"line":26,"column":4},"end":{"line":27,"column":55}},"type":"binary-expr","locations":[{"start":{"line":26,"column":4},"end":{"line":26,"column":30}},{"start":{"line":27,"column":7},"end":{"line":27,"column":55}}],"line":26}},"s":{"0":3,"1":7,"2":7,"3":1,"4":6,"5":6,"6":5,"7":1,"8":3,"9":2,"10":1},"f":{"0":7},"b":{"0":[6],"1":[1,6],"2":[1,3],"3":[2,1],"4":[3,2]},"_coverageSchema":"332fd63041d2c1bcb487cc26dd0d5f7d97098a6c","hash":"6f287c05cee89016b2a47fa3236beb6d832d1547"}
,"/Users/dylan/Documents/Git/high-five/src/app/modules/init.js": {"path":"/Users/dylan/Documents/Git/high-five/src/app/modules/init.js","statementMap":{"0":{"start":{"line":9,"column":2},"end":{"line":23,"column":3}},"1":{"start":{"line":10,"column":20},"end":{"line":10,"column":39}},"2":{"start":{"line":12,"column":21},"end":{"line":12,"column":63}},"3":{"start":{"line":13,"column":4},"end":{"line":17,"column":7}},"4":{"start":{"line":14,"column":6},"end":{"line":16,"column":7}},"5":{"start":{"line":15,"column":8},"end":{"line":15,"column":48}},"6":{"start":{"line":19,"column":4},"end":{"line":19,"column":16}},"7":{"start":{"line":21,"column":4},"end":{"line":21,"column":56}},"8":{"start":{"line":22,"column":4},"end":{"line":22,"column":17}}},"fnMap":{"0":{"name":"init","decl":{"start":{"line":8,"column":15},"end":{"line":8,"column":19}},"loc":{"start":{"line":8,"column":22},"end":{"line":24,"column":1}},"line":8},"1":{"name":"(anonymous_1)","decl":{"start":{"line":13,"column":21},"end":{"line":13,"column":22}},"loc":{"start":{"line":13,"column":31},"end":{"line":17,"column":5}},"line":13}},"branchMap":{"0":{"loc":{"start":{"line":14,"column":6},"end":{"line":16,"column":7}},"type":"if","locations":[{"start":{"line":14,"column":6},"end":{"line":16,"column":7}},{"start":{"line":14,"column":6},"end":{"line":16,"column":7}}],"line":14}},"s":{"0":2,"1":2,"2":2,"3":1,"4":2,"5":1,"6":1,"7":1,"8":1},"f":{"0":2,"1":2},"b":{"0":[1,1]},"_coverageSchema":"332fd63041d2c1bcb487cc26dd0d5f7d97098a6c","hash":"2d58b60123baba07d34145f5200ec0d272215ce9"}
,"/Users/dylan/Documents/Git/high-five/src/app/utility/index.js": {"path":"/Users/dylan/Documents/Git/high-five/src/app/utility/index.js","statementMap":{},"fnMap":{},"branchMap":{},"s":{},"f":{},"b":{},"_coverageSchema":"332fd63041d2c1bcb487cc26dd0d5f7d97098a6c","hash":"fb88e04816ec06788b6d17d5888462d3d93615cd"}
,"/Users/dylan/Documents/Git/high-five/src/app/utility/isOSFile.js": {"path":"/Users/dylan/Documents/Git/high-five/src/app/utility/isOSFile.js","statementMap":{"0":{"start":{"line":2,"column":2},"end":{"line":8,"column":3}},"1":{"start":{"line":7,"column":4},"end":{"line":7,"column":16}},"2":{"start":{"line":9,"column":2},"end":{"line":9,"column":15}}},"fnMap":{"0":{"name":"isOSFile","decl":{"start":{"line":1,"column":9},"end":{"line":1,"column":17}},"loc":{"start":{"line":1,"column":29},"end":{"line":10,"column":1}},"line":1}},"branchMap":{"0":{"loc":{"start":{"line":1,"column":18},"end":{"line":1,"column":27}},"type":"default-arg","locations":[{"start":{"line":1,"column":25},"end":{"line":1,"column":27}}],"line":1},"1":{"loc":{"start":{"line":2,"column":2},"end":{"line":8,"column":3}},"type":"if","locations":[{"start":{"line":2,"column":2},"end":{"line":8,"column":3}},{"start":{"line":2,"column":2},"end":{"line":8,"column":3}}],"line":2},"2":{"loc":{"start":{"line":3,"column":4},"end":{"line":5,"column":48}},"type":"binary-expr","locations":[{"start":{"line":3,"column":4},"end":{"line":3,"column":44}},{"start":{"line":4,"column":7},"end":{"line":4,"column":47}},{"start":{"line":5,"column":7},"end":{"line":5,"column":48}}],"line":3}},"s":{"0":9,"1":4,"2":5},"f":{"0":9},"b":{"0":[1],"1":[4,5],"2":[9,8,5]},"_coverageSchema":"332fd63041d2c1bcb487cc26dd0d5f7d97098a6c","hash":"b3e97967ddf79cec3ccd2714dc5bb61382654f87"}
,"/Users/dylan/Documents/Git/high-five/src/app/utility/logger.js": {"path":"/Users/dylan/Documents/Git/high-five/src/app/utility/logger.js","statementMap":{"0":{"start":{"line":12,"column":4},"end":{"line":12,"column":10}},"1":{"start":{"line":15,"column":17},"end":{"line":15,"column":123}},"2":{"start":{"line":15,"column":32},"end":{"line":15,"column":122}},"3":{"start":{"line":17,"column":15},"end":{"line":24,"column":2}},"4":{"start":{"line":27,"column":2},"end":{"line":32,"column":3}},"5":{"start":{"line":29,"column":4},"end":{"line":31,"column":8}},"6":{"start":{"line":34,"column":2},"end":{"line":47,"column":3}},"7":{"start":{"line":36,"column":4},"end":{"line":36,"column":34}},"8":{"start":{"line":39,"column":4},"end":{"line":42,"column":8}},"9":{"start":{"line":43,"column":4},"end":{"line":46,"column":8}},"10":{"start":{"line":50,"column":0},"end":{"line":50,"column":7}}},"fnMap":{"0":{"name":"(anonymous_0)","decl":{"start":{"line":15,"column":24},"end":{"line":15,"column":25}},"loc":{"start":{"line":15,"column":32},"end":{"line":15,"column":122}},"line":15},"1":{"name":"init","decl":{"start":{"line":26,"column":15},"end":{"line":26,"column":19}},"loc":{"start":{"line":26,"column":22},"end":{"line":48,"column":1}},"line":26}},"branchMap":{"0":{"loc":{"start":{"line":15,"column":83},"end":{"line":15,"column":120}},"type":"cond-expr","locations":[{"start":{"line":15,"column":97},"end":{"line":15,"column":115}},{"start":{"line":15,"column":118},"end":{"line":15,"column":120}}],"line":15},"1":{"loc":{"start":{"line":27,"column":2},"end":{"line":32,"column":3}},"type":"if","locations":[{"start":{"line":27,"column":2},"end":{"line":32,"column":3}},{"start":{"line":27,"column":2},"end":{"line":32,"column":3}}],"line":27},"2":{"loc":{"start":{"line":34,"column":2},"end":{"line":47,"column":3}},"type":"if","locations":[{"start":{"line":34,"column":2},"end":{"line":47,"column":3}},{"start":{"line":34,"column":2},"end":{"line":47,"column":3}}],"line":34}},"s":{"0":5,"1":5,"2":35,"3":5,"4":5,"5":5,"6":5,"7":0,"8":0,"9":0,"10":5},"f":{"0":35,"1":5},"b":{"0":[4,31],"1":[5,0],"2":[0,5]},"_coverageSchema":"332fd63041d2c1bcb487cc26dd0d5f7d97098a6c","hash":"b4af16ef55d5d14c74d70fedf44c03c65afdfa1b"}
,"/Users/dylan/Documents/Git/high-five/src/app/utility/safeRequire.js": {"path":"/Users/dylan/Documents/Git/high-five/src/app/utility/safeRequire.js","statementMap":{"0":{"start":{"line":1,"column":20},"end":{"line":1,"column":97}}},"fnMap":{},"branchMap":{"0":{"loc":{"start":{"line":1,"column":20},"end":{"line":1,"column":97}},"type":"cond-expr","locations":[{"start":{"line":1,"column":64},"end":{"line":1,"column":87}},{"start":{"line":1,"column":90},"end":{"line":1,"column":97}}],"line":1}},"s":{"0":6},"f":{},"b":{"0":[1,5]},"_coverageSchema":"332fd63041d2c1bcb487cc26dd0d5f7d97098a6c","hash":"be90f5954708bc9127189fca72df55c727657573"}
}
