TN:
SF:/Users/dylan/Documents/Git/high-five/setupTests.js
FNF:0
FNH:0
DA:4,8
DA:6,8
DA:7,8
DA:8,8
LF:4
LH:4
BRF:0
BRH:0
end_of_record
TN:
SF:/Users/dylan/Documents/Git/high-five/src/app/logger.js
FN:15,(anonymous_0)
FN:34,init
FNF:2
FNH:2
FNDA:2,(anonymous_0)
FNDA:6,init
DA:12,6
DA:15,6
DA:17,6
DA:26,6
DA:31,6
DA:36,6
DA:37,0
DA:39,0
DA:43,0
DA:50,6
LF:10
LH:7
BRDA:15,0,0,1
BRDA:15,0,1,1
BRDA:26,1,0,6
BRDA:26,1,1,0
BRDA:27,2,0,6
BRDA:27,2,1,6
BRDA:36,3,0,0
BRDA:36,3,1,6
BRF:8
BRH:6
end_of_record
TN:
SF:/Users/dylan/Documents/Git/high-five/src/app/fs/createAllFolders.js
FN:4,createAllFolders
FNF:1
FNH:1
FNDA:2,createAllFolders
DA:5,2
DA:6,2
DA:7,2
DA:9,2
LF:4
LH:4
BRDA:9,0,0,2
BRDA:9,0,1,1
BRDA:9,0,2,1
BRF:3
BRH:3
end_of_record
TN:
SF:/Users/dylan/Documents/Git/high-five/src/app/fs/createFolder.js
FN:4,createFolder
FNF:1
FNH:1
FNDA:3,createFolder
DA:5,3
DA:7,3
DA:8,3
DA:10,2
DA:12,2
DA:15,1
LF:6
LH:6
BRF:0
BRH:0
end_of_record
TN:
SF:/Users/dylan/Documents/Git/high-five/src/app/fs/index.js
FNF:0
FNH:0
LF:0
LH:0
BRF:0
BRH:0
end_of_record
TN:
SF:/Users/dylan/Documents/Git/high-five/src/app/fs/paths.js
FNF:0
FNH:0
DA:3,10
DA:4,10
LF:2
LH:2
BRF:0
BRH:0
end_of_record
TN:
SF:/Users/dylan/Documents/Git/high-five/src/app/modules/init.js
FN:10,init
FN:14,(anonymous_1)
FNF:2
FNH:2
FNDA:3,init
FNDA:4,(anonymous_1)
DA:11,3
DA:13,3
DA:14,2
DA:15,4
DA:16,2
DA:21,2
DA:23,2
DA:25,1
DA:26,1
LF:9
LH:9
BRDA:15,0,0,2
BRDA:15,0,1,2
BRF:2
BRH:2
end_of_record
TN:
SF:/Users/dylan/Documents/Git/high-five/src/app/modules/loadModule.js
FN:6,loadModule
FNF:1
FNH:0
FNDA:0,loadModule
DA:7,0
DA:9,0
DA:11,0
DA:13,0
DA:15,0
DA:19,0
DA:21,0
DA:24,0
DA:25,0
DA:26,0
DA:30,0
DA:33,0
DA:35,0
LF:13
LH:0
BRDA:6,0,0,0
BRDA:13,1,0,0
BRDA:13,1,1,0
BRDA:24,2,0,0
BRDA:24,2,1,0
BRDA:26,3,0,0
BRDA:26,3,1,0
BRDA:27,4,0,0
BRDA:27,4,1,0
BRF:9
BRH:0
end_of_record
TN:
SF:/Users/dylan/Documents/Git/high-five/src/app/modules/unloadModule.js
FN:3,unloadModule
FNF:1
FNH:1
FNDA:1,unloadModule
DA:4,1
DA:5,1
LF:2
LH:2
BRDA:3,0,0,1
BRF:1
BRH:1
end_of_record
TN:
SF:/Users/dylan/Documents/Git/high-five/src/app/modules/watchForChanges.js
FN:7,watchForChanges
FN:11,(anonymous_1)
FNF:2
FNH:2
FNDA:7,watchForChanges
FNDA:5,(anonymous_1)
DA:9,7
DA:11,7
DA:12,5
DA:15,2
DA:16,1
DA:18,3
DA:21,2
DA:22,1
DA:27,7
LF:9
LH:9
BRDA:12,0,0,2
BRDA:12,0,1,3
BRDA:15,1,0,1
BRDA:15,1,1,1
BRDA:18,2,0,2
BRDA:18,2,1,1
BRDA:21,3,0,1
BRDA:21,3,1,1
BRF:8
BRH:8
end_of_record
TN:
SF:/Users/dylan/Documents/Git/high-five/src/app/utility/index.js
FNF:0
FNH:0
LF:0
LH:0
BRF:0
BRH:0
end_of_record
TN:
SF:/Users/dylan/Documents/Git/high-five/src/app/utility/isOSFile.js
FN:1,isOSFile
FNF:1
FNH:1
FNDA:13,isOSFile
DA:2,13
DA:7,7
DA:9,6
LF:3
LH:3
BRDA:1,0,0,1
BRDA:2,1,0,7
BRDA:2,1,1,6
BRDA:3,2,0,13
BRDA:3,2,1,10
BRDA:3,2,2,6
BRF:6
BRH:6
end_of_record
