TN:
SF:/Users/dylan/Documents/Git/high-five/setupTests.js
FNF:0
FNH:0
DA:4,10
DA:6,10
DA:7,10
DA:8,10
LF:4
LH:4
BRF:0
BRH:0
end_of_record
TN:
SF:/Users/dylan/Documents/Git/high-five/src/app/fs/createAllFolders.js
FN:4,createAllFolders
FNF:1
FNH:1
FNDA:2,createAllFolders
DA:5,2
DA:6,2
DA:7,2
DA:9,2
LF:4
LH:4
BRDA:9,0,0,2
BRDA:9,0,1,1
BRDA:9,0,2,1
BRF:3
BRH:3
end_of_record
TN:
SF:/Users/dylan/Documents/Git/high-five/src/app/fs/createFolder.js
FN:4,createFolder
FNF:1
FNH:1
FNDA:12,createFolder
DA:5,12
DA:7,12
DA:8,12
DA:10,2
DA:12,2
DA:15,1
LF:6
LH:6
BRF:0
BRH:0
end_of_record
TN:
SF:/Users/dylan/Documents/Git/high-five/src/app/fs/index.js
FNF:0
FNH:0
LF:0
LH:0
BRF:0
BRH:0
end_of_record
TN:
SF:/Users/dylan/Documents/Git/high-five/src/app/fs/paths.js
FNF:0
FNH:0
DA:3,12
DA:4,12
LF:2
LH:2
BRF:0
BRH:0
end_of_record
TN:
SF:/Users/dylan/Documents/Git/high-five/src/app/modules/init.js
FN:10,init
FN:14,(anonymous_1)
FNF:2
FNH:2
FNDA:3,init
FNDA:4,(anonymous_1)
DA:11,3
DA:13,3
DA:14,2
DA:15,4
DA:16,2
DA:21,2
DA:23,2
DA:25,1
DA:26,1
LF:9
LH:9
BRDA:15,0,0,2
BRDA:15,0,1,2
BRF:2
BRH:2
end_of_record
TN:
SF:/Users/dylan/Documents/Git/high-five/src/app/modules/loadModule.js
FN:7,loadModule
FNF:1
FNH:1
FNDA:8,loadModule
DA:8,8
DA:10,8
DA:12,8
DA:14,8
DA:16,1
DA:20,7
DA:22,7
DA:25,6
DA:26,1
DA:27,3
DA:31,2
DA:34,1
DA:36,7
LF:13
LH:13
BRDA:7,0,0,8
BRDA:14,1,0,1
BRDA:14,1,1,7
BRDA:25,2,0,1
BRDA:25,2,1,3
BRDA:27,3,0,2
BRDA:27,3,1,1
BRDA:28,4,0,3
BRDA:28,4,1,2
BRF:9
BRH:9
end_of_record
TN:
SF:/Users/dylan/Documents/Git/high-five/src/app/modules/unloadModule.js
FN:3,unloadModule
FNF:1
FNH:1
FNDA:1,unloadModule
DA:4,1
DA:5,1
LF:2
LH:2
BRDA:3,0,0,1
BRF:1
BRH:1
end_of_record
TN:
SF:/Users/dylan/Documents/Git/high-five/src/app/modules/watchForChanges.js
FN:7,watchForChanges
FN:11,(anonymous_1)
FNF:2
FNH:2
FNDA:7,watchForChanges
FNDA:5,(anonymous_1)
DA:9,7
DA:11,7
DA:12,5
DA:14,2
DA:15,1
DA:17,3
DA:19,2
DA:20,1
DA:25,7
LF:9
LH:9
BRDA:12,0,0,2
BRDA:12,0,1,3
BRDA:14,1,0,1
BRDA:14,1,1,1
BRDA:17,2,0,2
BRDA:17,2,1,1
BRDA:19,3,0,1
BRDA:19,3,1,1
BRF:8
BRH:8
end_of_record
TN:
SF:/Users/dylan/Documents/Git/high-five/src/app/utility/index.js
FNF:0
FNH:0
LF:0
LH:0
BRF:0
BRH:0
end_of_record
TN:
SF:/Users/dylan/Documents/Git/high-five/src/app/utility/isOSFile.js
FN:1,isOSFile
FNF:1
FNH:1
FNDA:13,isOSFile
DA:2,13
DA:7,7
DA:9,6
LF:3
LH:3
BRDA:1,0,0,1
BRDA:2,1,0,7
BRDA:2,1,1,6
BRDA:3,2,0,13
BRDA:3,2,1,10
BRDA:3,2,2,6
BRF:6
BRH:6
end_of_record
TN:
SF:/Users/dylan/Documents/Git/high-five/src/app/utility/logger.js
FN:15,(anonymous_0)
FN:26,init
FNF:2
FNH:2
FNDA:2,(anonymous_0)
FNDA:9,init
DA:12,9
DA:15,9
DA:17,9
DA:27,9
DA:29,0
DA:31,0
DA:36,0
DA:38,0
DA:42,0
DA:49,9
LF:10
LH:5
BRDA:15,0,0,1
BRDA:15,0,1,1
BRDA:29,1,0,0
BRDA:29,1,1,0
BRDA:36,2,0,0
BRDA:36,2,1,0
BRF:6
BRH:2
end_of_record
TN:
SF:/Users/dylan/Documents/Git/high-five/src/app/utility/safeRequire.js
FNF:0
FNH:0
DA:1,9
LF:1
LH:1
BRDA:1,0,0,1
BRDA:1,0,1,8
BRF:2
BRH:2
end_of_record
